[Mon Sep 04 13:28:26.068121 2023] [ssl:warn] [pid 15420:tid 380] AH01909: www.example.com:443:0 server certificate does NOT include an ID which matches the server name
[Mon Sep 04 13:28:26.111456 2023] [ssl:warn] [pid 15420:tid 380] AH01909: www.example.com:443:0 server certificate does NOT include an ID which matches the server name
[Mon Sep 04 13:28:26.490251 2023] [mpm_winnt:notice] [pid 15420:tid 380] AH00455: Apache/2.4.56 (Win64) OpenSSL/1.1.1t PHP/8.2.4 configured -- resuming normal operations
[Mon Sep 04 13:28:26.491259 2023] [mpm_winnt:notice] [pid 15420:tid 380] AH00456: Apache Lounge VS16 Server built: Mar  7 2023 13:21:03
[Mon Sep 04 13:28:26.491259 2023] [core:notice] [pid 15420:tid 380] AH00094: Command line: 'C:\\xampp\\apache\\bin\\httpd.exe -d C:/xampp/apache'
[Mon Sep 04 13:28:26.500814 2023] [mpm_winnt:notice] [pid 15420:tid 380] AH00418: Parent: Created child process 4800
[Mon Sep 04 13:28:26.930581 2023] [ssl:warn] [pid 4800:tid 360] AH01909: www.example.com:443:0 server certificate does NOT include an ID which matches the server name
[Mon Sep 04 13:28:26.970913 2023] [ssl:warn] [pid 4800:tid 360] AH01909: www.example.com:443:0 server certificate does NOT include an ID which matches the server name
[Mon Sep 04 13:28:27.008747 2023] [mpm_winnt:notice] [pid 4800:tid 360] AH00354: Child: Starting 150 worker threads.
[Mon Sep 04 13:29:08.774809 2023] [ssl:warn] [pid 15776:tid 356] AH01909: www.example.com:443:0 server certificate does NOT include an ID which matches the server name
[Mon Sep 04 13:29:08.809817 2023] [ssl:warn] [pid 15776:tid 356] AH01909: www.example.com:443:0 server certificate does NOT include an ID which matches the server name
[Mon Sep 04 13:29:08.843827 2023] [mpm_winnt:notice] [pid 15776:tid 356] AH00455: Apache/2.4.56 (Win64) OpenSSL/1.1.1t PHP/8.2.4 configured -- resuming normal operations
[Mon Sep 04 13:29:08.843827 2023] [mpm_winnt:notice] [pid 15776:tid 356] AH00456: Apache Lounge VS16 Server built: Mar  7 2023 13:21:03
[Mon Sep 04 13:29:08.843827 2023] [core:notice] [pid 15776:tid 356] AH00094: Command line: 'c:\\xampp\\apache\\bin\\httpd.exe -d C:/xampp/apache'
[Mon Sep 04 13:29:08.848351 2023] [mpm_winnt:notice] [pid 15776:tid 356] AH00418: Parent: Created child process 2756
[Mon Sep 04 13:29:09.192008 2023] [ssl:warn] [pid 2756:tid 360] AH01909: www.example.com:443:0 server certificate does NOT include an ID which matches the server name
[Mon Sep 04 13:29:09.225012 2023] [ssl:warn] [pid 2756:tid 360] AH01909: www.example.com:443:0 server certificate does NOT include an ID which matches the server name
[Mon Sep 04 13:29:09.256143 2023] [mpm_winnt:notice] [pid 2756:tid 360] AH00354: Child: Starting 150 worker threads.
[Mon Sep 04 13:42:56.583069 2023] [php:error] [pid 2756:tid 1884] [client ::1:50853] PHP Fatal error:  Uncaught Error: Undefined constant "adcdsvdfsfdsvdsvsd" in C:\\xampp\\htdocs\\learn\\index.php:12\nStack trace:\n#0 {main}\n  thrown in C:\\xampp\\htdocs\\learn\\index.php on line 12
[Mon Sep 04 13:48:28.842106 2023] [php:error] [pid 2756:tid 1916] [client ::1:50999] PHP Fatal error:  Uncaught TypeError: Unsupported operand types: string + int in C:\\xampp\\htdocs\\learn\\index.php:15\nStack trace:\n#0 {main}\n  thrown in C:\\xampp\\htdocs\\learn\\index.php on line 15
[Mon Sep 04 17:05:09.128449 2023] [ssl:warn] [pid 7684:tid 340] AH01909: www.example.com:443:0 server certificate does NOT include an ID which matches the server name
[Mon Sep 04 17:05:09.193459 2023] [core:warn] [pid 7684:tid 340] AH00098: pid file C:/xampp/apache/logs/httpd.pid overwritten -- Unclean shutdown of previous Apache run?
[Mon Sep 04 17:05:09.198447 2023] [ssl:warn] [pid 7684:tid 340] AH01909: www.example.com:443:0 server certificate does NOT include an ID which matches the server name
[Mon Sep 04 17:05:09.287821 2023] [mpm_winnt:notice] [pid 7684:tid 340] AH00455: Apache/2.4.56 (Win64) OpenSSL/1.1.1t PHP/8.2.4 configured -- resuming normal operations
[Mon Sep 04 17:05:09.287821 2023] [mpm_winnt:notice] [pid 7684:tid 340] AH00456: Apache Lounge VS16 Server built: Mar  7 2023 13:21:03
[Mon Sep 04 17:05:09.287821 2023] [core:notice] [pid 7684:tid 340] AH00094: Command line: 'c:\\xampp\\apache\\bin\\httpd.exe -d C:/xampp/apache'
[Mon Sep 04 17:05:09.296823 2023] [mpm_winnt:notice] [pid 7684:tid 340] AH00418: Parent: Created child process 14864
[Mon Sep 04 17:05:09.898151 2023] [ssl:warn] [pid 14864:tid 352] AH01909: www.example.com:443:0 server certificate does NOT include an ID which matches the server name
[Mon Sep 04 17:05:09.953146 2023] [ssl:warn] [pid 14864:tid 352] AH01909: www.example.com:443:0 server certificate does NOT include an ID which matches the server name
[Mon Sep 04 17:05:10.007126 2023] [mpm_winnt:notice] [pid 14864:tid 352] AH00354: Child: Starting 150 worker threads.
[Mon Sep 04 17:52:24.624802 2023] [php:error] [pid 14864:tid 1916] [client ::1:54757] PHP Fatal error:  Uncaught mysqli_sql_exception: You have an error in your SQL syntax; check the manual that corresponds to your MariaDB server version for the right syntax to use near 'm Good', current_timestamp())' at line 1 in C:\\xampp\\htdocs\\learn\\index.php:29\nStack trace:\n#0 C:\\xampp\\htdocs\\learn\\index.php(29): mysqli->query('INSERT INTO `tr...')\n#1 {main}\n  thrown in C:\\xampp\\htdocs\\learn\\index.php on line 29, referer: http://localhost/learn/index.php
[Mon Sep 04 17:56:09.051347 2023] [php:error] [pid 14864:tid 1884] [client ::1:54879] PHP Fatal error:  Uncaught mysqli_sql_exception: You have an error in your SQL syntax; check the manual that corresponds to your MariaDB server version for the right syntax to use near 'm Good', current_timestamp())' at line 1 in C:\\xampp\\htdocs\\learn\\index.php:29\nStack trace:\n#0 C:\\xampp\\htdocs\\learn\\index.php(29): mysqli->query('INSERT INTO `tr...')\n#1 {main}\n  thrown in C:\\xampp\\htdocs\\learn\\index.php on line 29, referer: http://localhost/learn/index.php
[Mon Sep 04 17:56:11.690176 2023] [php:error] [pid 14864:tid 1884] [client ::1:54879] PHP Fatal error:  Uncaught mysqli_sql_exception: You have an error in your SQL syntax; check the manual that corresponds to your MariaDB server version for the right syntax to use near 'm Good', current_timestamp())' at line 1 in C:\\xampp\\htdocs\\learn\\index.php:29\nStack trace:\n#0 C:\\xampp\\htdocs\\learn\\index.php(29): mysqli->query('INSERT INTO `tr...')\n#1 {main}\n  thrown in C:\\xampp\\htdocs\\learn\\index.php on line 29, referer: http://localhost/learn/index.php
[Mon Sep 04 17:58:20.837176 2023] [php:error] [pid 14864:tid 1916] [client ::1:54950] PHP Parse error:  syntax error, unexpected token "if" in C:\\xampp\\htdocs\\learn\\index.php on line 29, referer: http://localhost/learn/index.php
[Mon Sep 04 18:00:06.405358 2023] [php:error] [pid 14864:tid 1884] [client ::1:55007] PHP Fatal error:  Uncaught mysqli_sql_exception: You have an error in your SQL syntax; check the manual that corresponds to your MariaDB server version for the right syntax to use near 'm Good', current_timestamp())' at line 1 in C:\\xampp\\htdocs\\learn\\index.php:29\nStack trace:\n#0 C:\\xampp\\htdocs\\learn\\index.php(29): mysqli->query('INSERT INTO `tr...')\n#1 {main}\n  thrown in C:\\xampp\\htdocs\\learn\\index.php on line 29, referer: http://localhost/learn/index.php
[Mon Sep 04 18:03:47.855812 2023] [php:error] [pid 14864:tid 1916] [client ::1:55120] PHP Fatal error:  Uncaught mysqli_sql_exception: You have an error in your SQL syntax; check the manual that corresponds to your MariaDB server version for the right syntax to use near 'm Good', NOW())' at line 1 in C:\\xampp\\htdocs\\learn\\index.php:29\nStack trace:\n#0 C:\\xampp\\htdocs\\learn\\index.php(29): mysqli->query('INSERT INTO `tr...')\n#1 {main}\n  thrown in C:\\xampp\\htdocs\\learn\\index.php on line 29, referer: http://localhost/learn/index.php
[Mon Sep 04 18:03:51.485074 2023] [php:error] [pid 14864:tid 1916] [client ::1:55120] PHP Fatal error:  Uncaught mysqli_sql_exception: You have an error in your SQL syntax; check the manual that corresponds to your MariaDB server version for the right syntax to use near 'm Good', NOW())' at line 1 in C:\\xampp\\htdocs\\learn\\index.php:29\nStack trace:\n#0 C:\\xampp\\htdocs\\learn\\index.php(29): mysqli->query('INSERT INTO `tr...')\n#1 {main}\n  thrown in C:\\xampp\\htdocs\\learn\\index.php on line 29, referer: http://localhost/learn/index.php
[Mon Sep 04 18:13:16.061628 2023] [php:error] [pid 14864:tid 1884] [client ::1:55450] PHP Fatal error:  Uncaught mysqli_sql_exception: Duplicate entry '0' for key 'PRIMARY' in C:\\xampp\\htdocs\\learn\\index.php:29\nStack trace:\n#0 C:\\xampp\\htdocs\\learn\\index.php(29): mysqli->query('INSERT INTO `tr...')\n#1 {main}\n  thrown in C:\\xampp\\htdocs\\learn\\index.php on line 29, referer: http://localhost/learn/index.php
[Mon Sep 04 18:13:55.032013 2023] [php:error] [pid 14864:tid 1880] [client ::1:55451] PHP Fatal error:  Uncaught mysqli_sql_exception: Duplicate entry '0' for key 'PRIMARY' in C:\\xampp\\htdocs\\learn\\index.php:29\nStack trace:\n#0 C:\\xampp\\htdocs\\learn\\index.php(29): mysqli->query('INSERT INTO `tr...')\n#1 {main}\n  thrown in C:\\xampp\\htdocs\\learn\\index.php on line 29, referer: http://localhost/learn/index.php
[Mon Sep 04 18:17:42.430795 2023] [php:error] [pid 14864:tid 1880] [client ::1:55680] PHP Fatal error:  Uncaught mysqli_sql_exception: Duplicate entry '0' for key 'PRIMARY' in C:\\xampp\\htdocs\\learn\\index.php:29\nStack trace:\n#0 C:\\xampp\\htdocs\\learn\\index.php(29): mysqli->query('INSERT INTO `tr...')\n#1 {main}\n  thrown in C:\\xampp\\htdocs\\learn\\index.php on line 29, referer: http://localhost/learn/index.php
[Mon Sep 04 18:18:29.805170 2023] [php:error] [pid 14864:tid 1884] [client ::1:55727] PHP Fatal error:  Uncaught mysqli_sql_exception: Duplicate entry '0' for key 'PRIMARY' in C:\\xampp\\htdocs\\learn\\index.php:29\nStack trace:\n#0 C:\\xampp\\htdocs\\learn\\index.php(29): mysqli->query('INSERT INTO `tr...')\n#1 {main}\n  thrown in C:\\xampp\\htdocs\\learn\\index.php on line 29, referer: http://localhost/learn/index.php
[Mon Sep 04 18:20:24.204581 2023] [php:error] [pid 14864:tid 1916] [client ::1:55795] PHP Fatal error:  Uncaught mysqli_sql_exception: Duplicate entry '0' for key 'PRIMARY' in C:\\xampp\\htdocs\\learn\\index.php:31\nStack trace:\n#0 C:\\xampp\\htdocs\\learn\\index.php(31): mysqli_stmt->execute()\n#1 {main}\n  thrown in C:\\xampp\\htdocs\\learn\\index.php on line 31, referer: http://localhost/learn/index.php
[Mon Sep 04 18:21:21.726828 2023] [php:error] [pid 14864:tid 1884] [client ::1:55841] PHP Fatal error:  Uncaught mysqli_sql_exception: Duplicate entry '0' for key 'PRIMARY' in C:\\xampp\\htdocs\\learn\\index.php:31\nStack trace:\n#0 C:\\xampp\\htdocs\\learn\\index.php(31): mysqli_stmt->execute()\n#1 {main}\n  thrown in C:\\xampp\\htdocs\\learn\\index.php on line 31, referer: http://localhost/learn/index.php
